0 info it worked if it ends with ok
1 verbose cli [ '/usr/local/bin/node', '/usr/local/bin/npm', 'publish' ]
2 info using npm@3.4.0
3 info using node@v5.0.0
4 verbose publish [ '.' ]
5 silly cache add args [ '.', null ]
6 verbose cache add spec .
7 silly cache add parsed spec Result {
7 silly cache add   raw: '.',
7 silly cache add   scope: null,
7 silly cache add   name: null,
7 silly cache add   rawSpec: '.',
7 silly cache add   spec: '/Users/andreanaya/Desktop/works/superfluid/dev',
7 silly cache add   type: 'directory' }
8 verbose addLocalDirectory /Users/andreanaya/.npm/superfluid/0.0.2/package.tgz not in flight; packing
9 info lifecycle superfluid@0.0.2~prepublish: superfluid@0.0.2
10 silly lifecycle superfluid@0.0.2~prepublish: no script for prepublish, continuing
11 verbose tar pack [ '/Users/andreanaya/.npm/superfluid/0.0.2/package.tgz',
11 verbose tar pack   '/Users/andreanaya/Desktop/works/superfluid/dev' ]
12 verbose tarball /Users/andreanaya/.npm/superfluid/0.0.2/package.tgz
13 verbose folder /Users/andreanaya/Desktop/works/superfluid/dev
14 verbose addLocalTarball adding from inside cache /Users/andreanaya/.npm/superfluid/0.0.2/package.tgz
15 silly cache afterAdd superfluid@0.0.2
16 verbose afterAdd /Users/andreanaya/.npm/superfluid/0.0.2/package/package.json not in flight; writing
17 verbose afterAdd /Users/andreanaya/.npm/superfluid/0.0.2/package/package.json written
18 silly publish { name: 'superfluid',
18 silly publish   version: '0.0.2',
18 silly publish   description: 'Front-end workflow tool',
18 silly publish   scripts: { test: 'echo "Error: no test specified" && exit 1' },
18 silly publish   repository:
18 silly publish    { type: 'git',
18 silly publish      url: 'git+https://github.com/andreanaya/superfluid.git' },
18 silly publish   keywords: [ 'prototyping', 'boilerplate', 'workflow' ],
18 silly publish   author:
18 silly publish    { name: 'Andre Anaya',
18 silly publish      email: 'andre.anaya@gmail.com',
18 silly publish      url: 'http://andreanaya.com' },
18 silly publish   license: 'MIT',
18 silly publish   bugs: { url: 'https://github.com/andreanaya/superfluid/issues' },
18 silly publish   homepage: 'https://github.com/andreanaya/superfluid#readme',
18 silly publish   preferGlobal: true,
18 silly publish   bin: { superfluid: 'index.js' },
18 silly publish   dependencies:
18 silly publish    { browserify: '^12.0.1',
18 silly publish      chokidar: '^1.3.0',
18 silly publish      express: '^4.13.3',
18 silly publish      handlebars: '^4.0.5',
18 silly publish      less: '^2.5.3',
18 silly publish      ws: '^0.8.0' },
18 silly publish   readme: '# superfluid\nFront-end Workflow tool\n',
18 silly publish   readmeFilename: 'README.md',
18 silly publish   gitHead: '234865c2975f4a49254a05d093dfe48daedc6693',
18 silly publish   _id: 'superfluid@0.0.2',
18 silly publish   _shasum: '9924de9a9ef83bcf518c3cd00f550350d6443f3a',
18 silly publish   _from: '.' }
19 verbose getPublishConfig undefined
20 silly mapToRegistry name superfluid
21 silly mapToRegistry using default registry
22 silly mapToRegistry registry https://registry.npmjs.org/
23 silly mapToRegistry uri https://registry.npmjs.org/superfluid
24 verbose publish registryBase https://registry.npmjs.org/
25 silly publish uploading /Users/andreanaya/.npm/superfluid/0.0.2/package.tgz
26 verbose request uri https://registry.npmjs.org/superfluid
27 verbose request sending authorization for write operation
28 info attempt registry request try #1 at 10:45:17 PM
29 verbose request using bearer token for auth
30 verbose request id 01a75aca37a843f8
31 http request PUT https://registry.npmjs.org/superfluid
32 http 403 https://registry.npmjs.org/superfluid
33 verbose headers { 'content-type': 'application/json',
33 verbose headers   'cache-control': 'max-age=60',
33 verbose headers   'content-length': '95',
33 verbose headers   'accept-ranges': 'bytes',
33 verbose headers   date: 'Mon, 30 Nov 2015 22:45:18 GMT',
33 verbose headers   via: '1.1 varnish',
33 verbose headers   connection: 'keep-alive',
33 verbose headers   'x-served-by': 'cache-lhr6328-LHR',
33 verbose headers   'x-cache': 'MISS',
33 verbose headers   'x-cache-hits': '0',
33 verbose headers   'x-timer': 'S1448923517.564431,VS0,VE927' }
34 verbose request invalidating /Users/andreanaya/.npm/registry.npmjs.org/superfluid on PUT
35 error publish Failed PUT 403
36 verbose stack Error: "You cannot publish over the previously published version 0.0.2." : superfluid
36 verbose stack     at makeError (/usr/local/lib/node_modules/npm/node_modules/npm-registry-client/lib/request.js:264:12)
36 verbose stack     at CachingRegistryClient.<anonymous> (/usr/local/lib/node_modules/npm/node_modules/npm-registry-client/lib/request.js:252:14)
36 verbose stack     at Request._callback (/usr/local/lib/node_modules/npm/node_modules/npm-registry-client/lib/request.js:172:14)
36 verbose stack     at Request.self.callback (/usr/local/lib/node_modules/npm/node_modules/request/request.js:198:22)
36 verbose stack     at emitTwo (events.js:87:13)
36 verbose stack     at Request.emit (events.js:172:7)
36 verbose stack     at Request.<anonymous> (/usr/local/lib/node_modules/npm/node_modules/request/request.js:1082:10)
36 verbose stack     at emitOne (events.js:82:20)
36 verbose stack     at Request.emit (events.js:169:7)
36 verbose stack     at IncomingMessage.<anonymous> (/usr/local/lib/node_modules/npm/node_modules/request/request.js:1009:12)
37 verbose statusCode 403
38 verbose pkgid superfluid
39 verbose cwd /Users/andreanaya/Desktop/works/superfluid/dev
40 error Darwin 14.5.0
41 error argv "/usr/local/bin/node" "/usr/local/bin/npm" "publish"
42 error node v5.0.0
43 error npm  v3.4.0
44 error code E403
45 error "You cannot publish over the previously published version 0.0.2." : superfluid
46 error If you need help, you may report this error at:
46 error     <https://github.com/npm/npm/issues>
47 verbose exit [ 1, true ]
